<?xml version="1.0" encoding="UTF-8"?>
<!-- Generated by org.testng.reporters.JUnitXMLReporter -->
<testsuite ignored="9" hostname="LAPTOP-9GOUM9I2" failures="0" tests="11" name="Test" time="32.92" errors="0" timestamp="2023-12-26T01:48:54 IST">
  <testcase classname="test.LoginTest" name="loginTest7" time="2.826"/>
  <testcase classname="test.DashboardTest" name="verifyDashboardTitle" time="4.073"/>
  <testcase classname="test.DashboardTest" name="userDropDown" time="0.32"/>
  <testcase classname="test.DashboardTest" name="userDropDownSupport" time="1.004"/>
  <testcase classname="test.DashboardTest" name="VerifyMyActions1" time="3.694"/>
  <testcase classname="test.DashboardTest" name="VerifyMyActions2" time="3.855"/>
  <testcase classname="test.DashboardTest" name="VerifyTimeAtWork" time="1.505"/>
  <testcase classname="test.DashboardTest" name="VerifyAssignLeaveQL" time="1.296"/>
  <testcase classname="test.DashboardTest" name="VerifyLeaveList" time="1.303"/>
  <testcase classname="test.DashboardTest" name="VerifyApplyLeave" time="1.47"/>
  <testcase classname="test.DashboardTest" name="VerifyTimesheet" time="1.68"/>
  <testcase classname="base.BaseClass" name="@BeforeSuite BeforeSuite" time="0.0">
    <ignored/>
  </testcase> <!-- @BeforeSuite BeforeSuite -->
  <testcase classname="base.BaseClass" name="@BeforeTest loadConfig" time="0.0">
    <ignored/>
  </testcase> <!-- @BeforeTest loadConfig -->
  <testcase classname="base.BaseClass" name="@AfterSuite afterSuite" time="0.0">
    <ignored/>
  </testcase> <!-- @AfterSuite afterSuite -->
  <testcase classname="test.LoginTest" name="LGN006" time="0.0">
    <ignored/>
  </testcase> <!-- LGN006 -->
  <testcase classname="test.LoginTest" name="LGN005" time="0.0">
    <ignored/>
  </testcase> <!-- LGN005 -->
  <testcase classname="test.LoginTest" name="verifyTitle" time="0.0">
    <ignored/>
  </testcase> <!-- verifyTitle -->
  <testcase classname="test.LoginTest" name="LGN002" time="0.0">
    <ignored/>
  </testcase> <!-- LGN002 -->
  <testcase classname="test.LoginTest" name="LGN004" time="0.0">
    <ignored/>
  </testcase> <!-- LGN004 -->
  <testcase classname="test.LoginTest" name="LGN003" time="0.0">
    <ignored/>
  </testcase> <!-- LGN003 -->
</testsuite> <!-- Test -->
